<?xml version="1.0" encoding="UTF-8"?>
<!-- Generated by org.testng.reporters.JUnitXMLReporter -->
<testsuite ignored="0" hostname="Bichu" failures="2" tests="4" name="regressiontest" time="31.506" errors="0" timestamp="2022-11-25T20:47:26 IST">
  <testcase classname="com.supermarket.tests.AdminUserstest" name="verifyCreateUser" time="5.016"/>
  <testcase classname="com.supermarket.tests.Home_PageTests" name="verifyFirstMenuItemName" time="10.418">
    <failure type="org.openqa.selenium.TimeoutException" message="timeout: Timed out receiving message from renderer: 10.000
  (Session info: chrome=107.0.5304.107)
Build info: version: &amp;apos;4.4.0&amp;apos;, revision: &amp;apos;e5c75ed026a&amp;apos;
System info: host: &amp;apos;BICHU&amp;apos;, ip: &amp;apos;192.168.1.3&amp;apos;, os.name: &amp;apos;Windows 11&amp;apos;, os.arch: &amp;apos;amd64&amp;apos;, os.version: &amp;apos;10.0&amp;apos;, java.version: &amp;apos;17.0.3&amp;apos;
Driver info: org.openqa.selenium.chrome.ChromeDriver
Command: [b6f9464b81e9a87e9758f810fe799f09, clickElement {id=5676df78-4576-4912-b488-9ea37bed6d37}]
Capabilities {acceptInsecureCerts: false, browserName: chrome, browserVersion: 107.0.5304.107, chrome: {chromedriverVersion: 107.0.5304.62 (1eec40d3a576..., userDataDir: C:\Users\BICHUB~1\AppData\L...}, goog:chromeOptions: {debuggerAddress: localhost:52964}, networkConnectionEnabled: false, pageLoadStrategy: normal, platformName: WINDOWS, proxy: Proxy(), se:cdp: ws://localhost:52964/devtoo..., se:cdpVersion: 107.0.5304.107, setWindowRect: true, strictFileInteractability: false, timeouts: {implicit: 0, pageLoad: 300000, script: 30000}, unhandledPromptBehavior: dismiss and notify, webauthn:extension:credBlob: true, webauthn:extension:largeBlob: true, webauthn:virtualAuthenticators: true}
Element: [[ChromeDriver: chrome on WINDOWS (b6f9464b81e9a87e9758f810fe799f09)] -&amp;gt; xpath: //button[@class=&amp;apos;btn btn-dark btn-block&amp;apos;]]
Session ID: b6f9464b81e9a87e9758f810fe799f09">
      <![CDATA[org.openqa.selenium.TimeoutException: timeout: Timed out receiving message from renderer: 10.000
  (Session info: chrome=107.0.5304.107)
Build info: version: '4.4.0', revision: 'e5c75ed026a'
System info: host: 'BICHU', ip: '192.168.1.3', os.name: 'Windows 11', os.arch: 'amd64', os.version: '10.0', java.version: '17.0.3'
Driver info: org.openqa.selenium.chrome.ChromeDriver
Command: [b6f9464b81e9a87e9758f810fe799f09, clickElement {id=5676df78-4576-4912-b488-9ea37bed6d37}]
Capabilities {acceptInsecureCerts: false, browserName: chrome, browserVersion: 107.0.5304.107, chrome: {chromedriverVersion: 107.0.5304.62 (1eec40d3a576..., userDataDir: C:\Users\BICHUB~1\AppData\L...}, goog:chromeOptions: {debuggerAddress: localhost:52964}, networkConnectionEnabled: false, pageLoadStrategy: normal, platformName: WINDOWS, proxy: Proxy(), se:cdp: ws://localhost:52964/devtoo..., se:cdpVersion: 107.0.5304.107, setWindowRect: true, strictFileInteractability: false, timeouts: {implicit: 0, pageLoad: 300000, script: 30000}, unhandledPromptBehavior: dismiss and notify, webauthn:extension:credBlob: true, webauthn:extension:largeBlob: true, webauthn:virtualAuthenticators: true}
Element: [[ChromeDriver: chrome on WINDOWS (b6f9464b81e9a87e9758f810fe799f09)] -> xpath: //button[@class='btn btn-dark btn-block']]
Session ID: b6f9464b81e9a87e9758f810fe799f09
at org.openqa.selenium.remote.codec.w3c.W3CHttpResponseCodec.createException(W3CHttpResponseCodec.java:200)
at org.openqa.selenium.remote.codec.w3c.W3CHttpResponseCodec.decode(W3CHttpResponseCodec.java:133)
at org.openqa.selenium.remote.codec.w3c.W3CHttpResponseCodec.decode(W3CHttpResponseCodec.java:53)
at org.openqa.selenium.remote.HttpCommandExecutor.execute(HttpCommandExecutor.java:184)
at org.openqa.selenium.remote.service.DriverCommandExecutor.invokeExecute(DriverCommandExecutor.java:167)
at org.openqa.selenium.remote.service.DriverCommandExecutor.execute(DriverCommandExecutor.java:142)
at org.openqa.selenium.remote.RemoteWebDriver.execute(RemoteWebDriver.java:547)
at org.openqa.selenium.remote.RemoteWebElement.execute(RemoteWebElement.java:257)
at org.openqa.selenium.remote.RemoteWebElement.click(RemoteWebElement.java:78)
at org.openqa.selenium.support.pagefactory.internal.LocatingElementHandler.invoke(LocatingElementHandler.java:52)
at jdk.proxy2/jdk.proxy2.$Proxy16.click(Unknown Source)
at com.supermarket.pages.Login_Page.clickOnSigninButton(Login_Page.java:61)
at com.supermarket.pages.Login_Page.login(Login_Page.java:75)
at com.supermarket.pages.Login_Page.login(Login_Page.java:68)
at com.supermarket.tests.Home_PageTests.verifyFirstMenuItemName(Home_PageTests.java:20)
at java.base/java.util.concurrent.ThreadPoolExecutor.runWorker(ThreadPoolExecutor.java:1136)
at java.base/java.util.concurrent.ThreadPoolExecutor$Worker.run(ThreadPoolExecutor.java:635)
at java.base/java.lang.Thread.run(Thread.java:833)
... Removed 20 stack frames]]>
    </failure>
  </testcase> <!-- verifyFirstMenuItemName -->
  <testcase classname="com.supermarket.tests.AdminUserstest" name="verifyEditUser" time="2.249">
    <failure type="java.lang.NullPointerException" message="Cannot invoke &amp;quot;com.supermarket.utilities.GeneralUtilities.get_TextofElement(String)&amp;quot; because &amp;quot;this.generalutilities&amp;quot; is null">
      <![CDATA[java.lang.NullPointerException: Cannot invoke "com.supermarket.utilities.GeneralUtilities.get_TextofElement(String)" because "this.generalutilities" is null
at com.supermarket.pages.Admin_Users.editUser(Admin_Users.java:83)
at com.supermarket.tests.AdminUserstest.verifyEditUser(AdminUserstest.java:40)
at java.base/java.util.concurrent.ThreadPoolExecutor.runWorker(ThreadPoolExecutor.java:1136)
at java.base/java.util.concurrent.ThreadPoolExecutor$Worker.run(ThreadPoolExecutor.java:635)
at java.base/java.lang.Thread.run(Thread.java:833)
... Removed 12 stack frames]]>
    </failure>
  </testcase> <!-- verifyEditUser -->
  <testcase classname="com.supermarket.tests.AdminUserstest" name="verifySearchUser" time="4.057"/>
</testsuite> <!-- regressiontest -->
